<?xml version="1.0" encoding="UTF-8"?>
<!-- Generated by org.testng.reporters.JUnitReportReporter -->
<testsuite hostname="DESKTOP-EQGDIG6" failures="0" tests="4" name="testCases.UI_test" time="19.715" errors="0" timestamp="2024-10-20T07:09:29 IST" skipped="0">
  <testcase classname="testCases.UI_test" name="flipkartImgView" time="0.386"/>
  <testcase classname="testCases.UI_test" name="addToCartClick" time="0.349"/>
  <testcase classname="testCases.UI_test" name="sellerStoriesClick" time="12.353"/>
  <testcase classname="testCases.UI_test" name="loginBtnClickable" time="6.627"/>
</testsuite> <!-- testCases.UI_test -->
