<?xml version="1.0" encoding="UTF-8"?>
<!-- Generated by org.testng.reporters.JUnitReportReporter -->
<testsuite hostname="DESKTOP-EQGDIG6" failures="0" tests="1" name="testCases.Form_Validation_Test" time="26.283" errors="0" timestamp="2024-10-20T07:09:29 IST" skipped="0">
  <testcase classname="testCases.Form_Validation_Test" name="testForm" time="26.283"/>
</testsuite> <!-- testCases.Form_Validation_Test -->
