<?xml version="1.0" encoding="UTF-8"?>
<!-- Generated by org.testng.reporters.JUnitReportReporter -->
<testsuite hostname="DESKTOP-EQGDIG6" failures="0" tests="1" name="testCases.Login_Test" time="5.892" errors="0" timestamp="2024-10-20T07:09:29 IST" skipped="0">
  <testcase classname="testCases.Login_Test" name="testLogin" time="5.892"/>
</testsuite> <!-- testCases.Login_Test -->
